<?xml version="1.0" encoding="UTF-8"?>
<!-- Generated by org.testng.reporters.JUnitXMLReporter -->
<testsuite ignored="0" hostname="P-JOSHI" failures="1" tests="2" name="Dream Summary Tests" time="8.746" errors="0" timestamp="2025-05-23T07:16:54 IST">
  <testcase classname="com.dreamportal.tests.DreamsTotalTest" name="validateDreamsSummaryCounts" time="5.308"/>
  <testcase classname="com.dreamportal.tests.DreamsTotalTest" name="validateRecurringDreamsFromDiary" time="0.308">
    <failure type="java.lang.AssertionError" message="expected [true] but found [false]">
      <![CDATA[java.lang.AssertionError: expected [true] but found [false]
at com.dreamportal.tests.DreamsTotalTest.validateRecurringDreamsFromDiary(DreamsTotalTest.java:55)
at java.base/java.util.ArrayList.forEach(ArrayList.java:1596)
... Removed 29 stack frames]]>
    </failure>
  </testcase> <!-- validateRecurringDreamsFromDiary -->
</testsuite> <!-- Dream Summary Tests -->
