<?xml version="1.0" encoding="UTF-8"?>
<!-- Generated by org.testng.reporters.JUnitXMLReporter -->
<testsuite ignored="0" hostname="P-JOSHI" failures="0" tests="7" name="Dream Portal UI Tests" time="35.681" errors="0" timestamp="2025-05-23T14:45:26 IST">
  <testcase classname="com.dreamportal.tests.IndexPageTest" name="testLoadingAnimationDuration" time="6.768"/>
  <testcase classname="com.dreamportal.tests.IndexPageTest" name="testMainContentAndButtonVisibility" time="3.326"/>
  <testcase classname="com.dreamportal.tests.IndexPageTest" name="testMyDreamsButtonOpensTabs" time="7.436"/>
  <testcase classname="com.dreamportal.tests.DreamsDiaryTest" name="verifyDreamEntriesCount" time="0.02"/>
  <testcase classname="com.dreamportal.tests.DreamsDiaryTest" name="verifyDreamTypesValidity" time="0.333"/>
  <testcase classname="com.dreamportal.tests.DreamsDiaryTest" name="verifyAllColumnsAreFilled" time="1.004"/>
  <testcase classname="com.dreamportal.tests.DreamsTotalTest" name="verifyDreamsSummaryStatsAndRecurringLogic" time="5.452"/>
</testsuite> <!-- Dream Portal UI Tests -->
