<?xml version="1.0" encoding="UTF-8"?>
<!-- Generated by org.testng.reporters.JUnitXMLReporter -->
<testsuite ignored="0" hostname="P-JOSHI" failures="0" tests="3" name="Default test" time="22.789" errors="0" timestamp="2025-05-23T14:44:20 IST">
  <testcase classname="com.dreamportal.tests.IndexPageTest" name="testLoadingAnimationDuration" time="8.098"/>
  <testcase classname="com.dreamportal.tests.IndexPageTest" name="testMainContentAndButtonVisibility" time="3.362"/>
  <testcase classname="com.dreamportal.tests.IndexPageTest" name="testMyDreamsButtonOpensTabs" time="7.945"/>
</testsuite> <!-- Default test -->
